<?xml version="1.0" encoding="UTF-8"?>
<!-- Generated by org.testng.reporters.JUnitXMLReporter -->
<testsuite ignored="0" hostname="LAPTOP-O4FKA3ST" failures="0" tests="0" time="0.107" errors="0" timestamp="22 Jan 2022 13:16:20 GMT">
  <testcase classname="test.Test" name="@BeforeTest test" time="0.099">
    <failure type="java.lang.IllegalStateException" message="The driver executable must be a regular file: C:\Users\Satish\Downloads\chromedriver_win32">
      <![CDATA[java.lang.IllegalStateException: The driver executable must be a regular file: C:\Users\Satish\Downloads\chromedriver_win32
at org.openqa.selenium.internal.Require$FileStateChecker.isFile(Require.java:318)
at org.openqa.selenium.remote.service.DriverService.checkExecutable(DriverService.java:147)
at org.openqa.selenium.remote.service.DriverService.findExecutable(DriverService.java:142)
at org.openqa.selenium.chrome.ChromeDriverService.access$000(ChromeDriverService.java:38)
at org.openqa.selenium.chrome.ChromeDriverService$Builder.findDefaultExecutable(ChromeDriverService.java:231)
at org.openqa.selenium.remote.service.DriverService$Builder.build(DriverService.java:437)
at org.openqa.selenium.chrome.ChromeDriverService.createDefaultService(ChromeDriverService.java:127)
at org.openqa.selenium.chrome.ChromeDriver.<init>(ChromeDriver.java:46)
at test.Test.test(Test.java:15)
... Removed 33 stack frames]]>
    </failure>
  </testcase> <!-- @BeforeTest test -->
</testsuite>
