-------------------------------------------------------------------------------
Test set: test.Test
-------------------------------------------------------------------------------
Tests run: 1, Failures: 1, Errors: 0, Skipped: 0, Time elapsed: 2.476 sec <<< FAILURE!
test(test.Test)  Time elapsed: 2.308 sec  <<< FAILURE!
java.lang.IllegalStateException: The driver executable must be a regular file: C:\Users\Satish\Downloads\chromedriver_win32
	at org.openqa.selenium.internal.Require$FileStateChecker.isFile(Require.java:318)
	at org.openqa.selenium.remote.service.DriverService.checkExecutable(DriverService.java:147)
	at org.openqa.selenium.remote.service.DriverService.findExecutable(DriverService.java:142)
	at org.openqa.selenium.chrome.ChromeDriverService.access$000(ChromeDriverService.java:38)
	at org.openqa.selenium.chrome.ChromeDriverService$Builder.findDefaultExecutable(ChromeDriverService.java:231)
	at org.openqa.selenium.remote.service.DriverService$Builder.build(DriverService.java:437)
	at org.openqa.selenium.chrome.ChromeDriverService.createDefaultService(ChromeDriverService.java:127)
	at org.openqa.selenium.chrome.ChromeDriver.<init>(ChromeDriver.java:46)
	at test.Test.test(Test.java:15)

