<?xml version="1.0" encoding="UTF-8"?>
<!-- Generated by org.testng.reporters.JUnitXMLReporter -->
<testsuite ignored="0" hostname="LAPTOP-O4FKA3ST" failures="2" tests="2" name="Test" time="5.794" errors="0" timestamp="28 Jan 2022 00:49:45 GMT">
  <testcase classname="Testcases.TC_TestCase" name="tc_searchInGoogle" time="5.726">
    <failure type="org.openqa.selenium.ElementClickInterceptedException" message="element click intercepted: Element &amp;lt;input class=&amp;quot;gNO89b&amp;quot; value=&amp;quot;Google Search&amp;quot; aria-label=&amp;quot;Google Search&amp;quot; name=&amp;quot;btnK&amp;quot; type=&amp;quot;submit&amp;quot; data-ved=&amp;quot;0ahUKEwi1hM77nNP1AhWgzDgGHZVbDesQ4dUDCAs&amp;quot;&amp;gt; is not clickable at point (682, 327). Other element would receive the click: &amp;lt;div class=&amp;quot;pcTkSc&amp;quot; role=&amp;quot;option&amp;quot;&amp;gt;...&amp;lt;/div&amp;gt;
  (Session info: chrome=97.0.4692.99)
Build info: version: &amp;apos;4.1.1&amp;apos;, revision: &amp;apos;e8fcc2cecf&amp;apos;
System info: host: &amp;apos;LAPTOP-O4FKA3ST&amp;apos;, ip: &amp;apos;172.19.0.1&amp;apos;, os.name: &amp;apos;Windows 10&amp;apos;, os.arch: &amp;apos;amd64&amp;apos;, os.version: &amp;apos;10.0&amp;apos;, java.version: &amp;apos;17.0.1&amp;apos;
Driver info: org.openqa.selenium.chrome.ChromeDriver
Command: [a5a884664734da454268ca0ace9f2b10, clickElement {id=3740a7d6-18fd-4e91-81c0-3dd3b9bd6756}]
Capabilities {acceptInsecureCerts: false, browserName: chrome, browserVersion: 97.0.4692.99, chrome: {chromedriverVersion: 97.0.4692.71 (adefa7837d02a..., userDataDir: C:\Users\Satish\AppData\Loc...}, goog:chromeOptions: {debuggerAddress: localhost:53400}, javascriptEnabled: true, networkConnectionEnabled: false, pageLoadStrategy: normal, platform: WINDOWS, platformName: WINDOWS, proxy: Proxy(), se:cdp: ws://localhost:53400/devtoo..., se:cdpVersion: 97.0.4692.99, setWindowRect: true, strictFileInteractability: false, timeouts: {implicit: 0, pageLoad: 300000, script: 30000}, unhandledPromptBehavior: dismiss and notify, webauthn:extension:credBlob: true, webauthn:extension:largeBlob: true, webauthn:virtualAuthenticators: true}
Element: [[ChromeDriver: chrome on WINDOWS (a5a884664734da454268ca0ace9f2b10)] -&amp;gt; xpath: (//input[@name=&amp;apos;btnK&amp;apos;])[2]]
Session ID: a5a884664734da454268ca0ace9f2b10">
      <![CDATA[org.openqa.selenium.ElementClickInterceptedException: element click intercepted: Element <input class="gNO89b" value="Google Search" aria-label="Google Search" name="btnK" type="submit" data-ved="0ahUKEwi1hM77nNP1AhWgzDgGHZVbDesQ4dUDCAs"> is not clickable at point (682, 327). Other element would receive the click: <div class="pcTkSc" role="option">...</div>
  (Session info: chrome=97.0.4692.99)
Build info: version: '4.1.1', revision: 'e8fcc2cecf'
System info: host: 'LAPTOP-O4FKA3ST', ip: '172.19.0.1', os.name: 'Windows 10', os.arch: 'amd64', os.version: '10.0', java.version: '17.0.1'
Driver info: org.openqa.selenium.chrome.ChromeDriver
Command: [a5a884664734da454268ca0ace9f2b10, clickElement {id=3740a7d6-18fd-4e91-81c0-3dd3b9bd6756}]
Capabilities {acceptInsecureCerts: false, browserName: chrome, browserVersion: 97.0.4692.99, chrome: {chromedriverVersion: 97.0.4692.71 (adefa7837d02a..., userDataDir: C:\Users\Satish\AppData\Loc...}, goog:chromeOptions: {debuggerAddress: localhost:53400}, javascriptEnabled: true, networkConnectionEnabled: false, pageLoadStrategy: normal, platform: WINDOWS, platformName: WINDOWS, proxy: Proxy(), se:cdp: ws://localhost:53400/devtoo..., se:cdpVersion: 97.0.4692.99, setWindowRect: true, strictFileInteractability: false, timeouts: {implicit: 0, pageLoad: 300000, script: 30000}, unhandledPromptBehavior: dismiss and notify, webauthn:extension:credBlob: true, webauthn:extension:largeBlob: true, webauthn:virtualAuthenticators: true}
Element: [[ChromeDriver: chrome on WINDOWS (a5a884664734da454268ca0ace9f2b10)] -> xpath: (//input[@name='btnK'])[2]]
Session ID: a5a884664734da454268ca0ace9f2b10
at org.openqa.selenium.remote.codec.w3c.W3CHttpResponseCodec.createException(W3CHttpResponseCodec.java:200)
at org.openqa.selenium.remote.codec.w3c.W3CHttpResponseCodec.decode(W3CHttpResponseCodec.java:133)
at org.openqa.selenium.remote.codec.w3c.W3CHttpResponseCodec.decode(W3CHttpResponseCodec.java:53)
at org.openqa.selenium.remote.HttpCommandExecutor.execute(HttpCommandExecutor.java:184)
at org.openqa.selenium.remote.service.DriverCommandExecutor.invokeExecute(DriverCommandExecutor.java:167)
at org.openqa.selenium.remote.service.DriverCommandExecutor.execute(DriverCommandExecutor.java:142)
at org.openqa.selenium.remote.RemoteWebDriver.execute(RemoteWebDriver.java:543)
at org.openqa.selenium.remote.RemoteWebElement.execute(RemoteWebElement.java:251)
at org.openqa.selenium.remote.RemoteWebElement.click(RemoteWebElement.java:77)
at Pages.Page_GoogleSearch.ClickOnSearchButton(Page_GoogleSearch.java:32)
at Testcases.TC_TestCase.tc_searchInGoogle(TC_TestCase.java:32)
at java.base/java.util.concurrent.ThreadPoolExecutor.runWorker(ThreadPoolExecutor.java:1136)
at java.base/java.util.concurrent.ThreadPoolExecutor$Worker.run(ThreadPoolExecutor.java:635)
at java.base/java.lang.Thread.run(Thread.java:833)
... Removed 15 stack frames]]>
    </failure>
  </testcase> <!-- tc_searchInGoogle -->
  <testcase classname="Testcases.TC_TestCase" name="tc_searchInGoogle" time="0.005">
    <failure type="java.lang.NullPointerException" message="Cannot invoke &amp;quot;org.openqa.selenium.WebDriver.manage()&amp;quot; because &amp;quot;driver&amp;quot; is null">
      <![CDATA[java.lang.NullPointerException: Cannot invoke "org.openqa.selenium.WebDriver.manage()" because "driver" is null
at Utils.Browser.getDriver(Browser.java:38)
at Testcases.TC_TestCase.tc_searchInGoogle(TC_TestCase.java:27)
at java.base/java.util.concurrent.ThreadPoolExecutor.runWorker(ThreadPoolExecutor.java:1136)
at java.base/java.util.concurrent.ThreadPoolExecutor$Worker.run(ThreadPoolExecutor.java:635)
at java.base/java.lang.Thread.run(Thread.java:833)
... Removed 10 stack frames]]>
    </failure>
  </testcase> <!-- tc_searchInGoogle -->
</testsuite> <!-- Test -->
